{"/media/crude/Disk/CODE/javascript-meta/meta-excercise/Jest-testing/timesTwo.js": {"path":"/media/crude/Disk/CODE/javascript-meta/meta-excercise/Jest-testing/timesTwo.js","statementMap":{"0":{"start":{"line":4,"column":17},"end":{"line":6,"column":1}},"1":{"start":{"line":5,"column":4},"end":{"line":5,"column":24}},"2":{"start":{"line":11,"column":0},"end":{"line":11,"column":26}}},"fnMap":{"0":{"name":"(anonymous_0)","decl":{"start":{"line":4,"column":17},"end":{"line":4,"column":18}},"loc":{"start":{"line":4,"column":38},"end":{"line":6,"column":1}},"line":4}},"branchMap":{"0":{"loc":{"start":{"line":4,"column":23},"end":{"line":4,"column":33}},"type":"default-arg","locations":[{"start":{"line":4,"column":32},"end":{"line":4,"column":33}}],"line":4}},"s":{"0":1,"1":4,"2":1},"f":{"0":4},"b":{"0":[2]},"_coverageSchema":"1a1c01bbd47fc00a2c39e90264f33305004495a9","hash":"4e23b13954ea50d7aedf555acf4cd0e5bee6c079"}
}
